<?xml version="1.0" encoding="UTF-8"?>
<!-- Generated by org.testng.reporters.JUnitXMLReporter -->
<testsuite hostname="LAPTOP-FNJECGSP" ignored="0" name="Suite" tests="3" failures="0" timestamp="23 九月 2019 08:18:24 GMT" time="33.645" errors="0">
  <testcase name="testLogin" time="5.753" classname="action.UserActionTest"/>
  <testcase name="testMenu" time="10.617" classname="action.UserActionTest"/>
  <testcase name="testImportUser" time="9.986" classname="action.UserActionTest"/>
</testsuite> <!-- Suite -->
